<?xml version="1.0" encoding="UTF-8"?>
<!-- Generated by org.testng.reporters.JUnitReportReporter -->
<testsuite hostname="DESKTOP-E21CFT6" failures="0" tests="1" name="JpetRunner.JpetRunTest1" time="16.371" errors="0" timestamp="2023-08-23T12:46:55 IST" skipped="0">
  <testcase classname="JpetRunner.JpetRunTest1" name="f" time="16.371"/>
  <system-out/>
</testsuite> <!-- JpetRunner.JpetRunTest1 -->
